<?xml version="1.0" encoding="UTF-8"?>
<testng-results skipped="0" failed="0" total="1" passed="1">
  <reporter-output>
  </reporter-output>
  <suite name="Default suite" duration-ms="611" started-at="2017-05-08T10:44:58Z" finished-at="2017-05-08T10:44:59Z">
    <groups>
      <group name="cucumber">
        <method signature="AbstractTestNGCucumberTests.feature(cucumber.api.testng.CucumberFeatureWrapper)[pri:0, instance:com.demo.cucumber.CucumberDemo.CucumberRunner@4566e5bd]" name="feature" class="cucumber.api.testng.AbstractTestNGCucumberTests"/>
      </group> <!-- cucumber -->
    </groups>
    <test name="Default test" duration-ms="611" started-at="2017-05-08T10:44:58Z" finished-at="2017-05-08T10:44:59Z">
      <class name="com.demo.cucumber.CucumberDemo.CucumberRunner">
        <test-method status="PASS" signature="setUpClass()[pri:0, instance:com.demo.cucumber.CucumberDemo.CucumberRunner@4566e5bd]" name="setUpClass" is-config="true" duration-ms="293" started-at="2017-05-08T16:14:58Z" finished-at="2017-05-08T16:14:58Z">
          <reporter-output>
          </reporter-output>
        </test-method> <!-- setUpClass -->
        <test-method status="PASS" signature="feature(cucumber.api.testng.CucumberFeatureWrapper)[pri:0, instance:com.demo.cucumber.CucumberDemo.CucumberRunner@4566e5bd]" name="feature" duration-ms="183" started-at="2017-05-08T16:14:58Z" description="Runs Cucumber Feature" data-provider="features" finished-at="2017-05-08T16:14:59Z">
          <params>
            <param index="0">
              <value>
                <![CDATA[Facebook Login Functionality]]>
              </value>
            </param>
          </params>
          <reporter-output>
          </reporter-output>
        </test-method> <!-- feature -->
        <test-method status="PASS" signature="tearDownClass()[pri:0, instance:com.demo.cucumber.CucumberDemo.CucumberRunner@4566e5bd]" name="tearDownClass" is-config="true" duration-ms="16" started-at="2017-05-08T16:14:59Z" finished-at="2017-05-08T16:14:59Z">
          <reporter-output>
          </reporter-output>
        </test-method> <!-- tearDownClass -->
      </class> <!-- com.demo.cucumber.CucumberDemo.CucumberRunner -->
    </test> <!-- Default test -->
  </suite> <!-- Default suite -->
</testng-results>
